{"level":"info","message":"listening on port 3000...","timestamp":"2021-08-02T03:46:42.531Z"}
{"level":"info","message":"connected to MongoDB","timestamp":"2021-08-02T03:46:42.629Z"}
{"message":"some thing faild during startup","stack":"Error: some thing faild during startup\n    at Timeout._onTimeout (C:\\Users\\hp\\Desktop\\backend\\index.js:9:27)\n    at listOnTimeout (internal/timers.js:531:17)\n    at processTimers (internal/timers.js:475:7)","level":"error","timestamp":"2021-08-02T03:46:43.220Z"}
{"level":"info","message":"listening on port 3000...","timestamp":"2021-08-02T03:47:26.256Z"}
{"level":"info","message":"connected to MongoDB","timestamp":"2021-08-02T03:47:26.353Z"}
{"level":"info","message":"listening on port 3000...","timestamp":"2021-08-04T03:20:44.303Z"}
{"level":"info","message":"connected to MongoDB","timestamp":"2021-08-04T03:20:47.022Z"}
{"level":"info","message":"listening on port 3000...","timestamp":"2021-08-04T03:40:33.380Z"}
{"level":"info","message":"connected to MongoDB","timestamp":"2021-08-04T03:40:33.444Z"}
{"level":"info","message":"listening on port 3000...","timestamp":"2021-08-06T00:15:33.224Z"}
{"level":"info","message":"connected to MongoDB","timestamp":"2021-08-06T00:15:34.612Z"}
{"level":"info","message":"listening on port 3000...","timestamp":"2021-08-06T00:51:29.634Z"}
{"level":"info","message":"connected to MongoDB","timestamp":"2021-08-06T00:51:29.780Z"}
{"level":"info","message":"listening on port 3000...","timestamp":"2021-08-06T03:10:17.244Z"}
{"level":"info","message":"connected to MongoDB","timestamp":"2021-08-06T03:10:17.415Z"}
{"level":"info","message":"listening on port 3000...","timestamp":"2021-08-07T01:36:27.396Z"}
{"level":"info","message":"connected to MongoDB","timestamp":"2021-08-07T01:36:28.284Z"}
{"message":"Data is not defined","stack":"ReferenceError: Data is not defined\n    at DiskStorage.filename [as getFilename] (C:\\Users\\hp\\Desktop\\olex_vue\\backend\\routes\\imgUpload.js:25:25)\n    at C:\\Users\\hp\\Desktop\\olex_vue\\backend\\node_modules\\multer\\storage\\disk.js:34:10\n    at DiskStorage.destination [as getDestination] (C:\\Users\\hp\\Desktop\\olex_vue\\backend\\routes\\imgUpload.js:16:6)\n    at DiskStorage._handleFile (C:\\Users\\hp\\Desktop\\olex_vue\\backend\\node_modules\\multer\\storage\\disk.js:31:8)\n    at C:\\Users\\hp\\Desktop\\olex_vue\\backend\\node_modules\\multer\\lib\\make-middleware.js:144:17\n    at allowAll (C:\\Users\\hp\\Desktop\\olex_vue\\backend\\node_modules\\multer\\index.js:8:3)\n    at wrappedFileFilter (C:\\Users\\hp\\Desktop\\olex_vue\\backend\\node_modules\\multer\\index.js:44:7)\n    at Busboy.<anonymous> (C:\\Users\\hp\\Desktop\\olex_vue\\backend\\node_modules\\multer\\lib\\make-middleware.js:114:7)\n    at Busboy.emit (events.js:210:5)\n    at Busboy.emit (C:\\Users\\hp\\Desktop\\olex_vue\\backend\\node_modules\\busboy\\lib\\main.js:38:33)\n    at PartStream.<anonymous> (C:\\Users\\hp\\Desktop\\olex_vue\\backend\\node_modules\\busboy\\lib\\types\\multipart.js:213:13)\n    at PartStream.emit (events.js:210:5)\n    at HeaderParser.<anonymous> (C:\\Users\\hp\\Desktop\\olex_vue\\backend\\node_modules\\dicer\\lib\\Dicer.js:51:16)\n    at HeaderParser.emit (events.js:210:5)\n    at HeaderParser._finish (C:\\Users\\hp\\Desktop\\olex_vue\\backend\\node_modules\\dicer\\lib\\HeaderParser.js:68:8)\n    at SBMH.<anonymous> (C:\\Users\\hp\\Desktop\\olex_vue\\backend\\node_modules\\dicer\\lib\\HeaderParser.js:40:12)","level":"error","timestamp":"2021-08-07T03:18:17.021Z"}
{"level":"info","message":"listening on port 3000...","timestamp":"2021-08-07T03:23:47.757Z"}
{"level":"info","message":"connected to MongoDB","timestamp":"2021-08-07T03:23:48.030Z"}
{"message":"ENOENT: no such file or directory, open 'C:\\Users\\hp\\Desktop\\olex_vue\\backend\\images\\109-1091107_developer-png.png-1628306803140.png'","stack":"Error: ENOENT: no such file or directory, open 'C:\\Users\\hp\\Desktop\\olex_vue\\backend\\images\\109-1091107_developer-png.png-1628306803140.png'","errno":-4058,"code":"ENOENT","syscall":"open","path":"C:\\Users\\hp\\Desktop\\olex_vue\\backend\\images\\109-1091107_developer-png.png-1628306803140.png","storageErrors":[],"level":"error","timestamp":"2021-08-07T03:26:43.145Z"}
{"level":"info","message":"listening on port 3000...","timestamp":"2021-08-07T03:29:01.200Z"}
{"level":"info","message":"connected to MongoDB","timestamp":"2021-08-07T03:29:01.265Z"}
{"level":"info","message":"listening on port 3000...","timestamp":"2021-08-07T03:33:28.364Z"}
{"level":"info","message":"connected to MongoDB","timestamp":"2021-08-07T03:33:28.452Z"}
{"level":"info","message":"listening on port 3000...","timestamp":"2021-08-07T04:06:51.542Z"}
{"level":"info","message":"connected to MongoDB","timestamp":"2021-08-07T04:06:51.635Z"}
{"message":"Cast to ObjectId failed for value \"undefined\" (type string) at path \"_id\" for model \"Categories\"","stack":"CastError: Cast to ObjectId failed for value \"undefined\" (type string) at path \"_id\" for model \"Categories\"\n    at model.Query.exec (C:\\Users\\hp\\Desktop\\olex_vue\\backend\\node_modules\\mongoose\\lib\\query.js:4498:21)\n    at model.Query.Query.then (C:\\Users\\hp\\Desktop\\olex_vue\\backend\\node_modules\\mongoose\\lib\\query.js:4592:15)\n    at runMicrotasks (<anonymous>)\n    at processTicksAndRejections (internal/process/task_queues.js:93:5)","stringValue":"\"undefined\"","kind":"ObjectId","value":"undefined","path":"_id","reason":{},"valueType":"string","level":"error","timestamp":"2021-08-07T04:46:10.999Z"}
{"level":"info","message":"listening on port 3000...","timestamp":"2021-08-10T03:16:11.452Z"}
{"level":"info","message":"connected to MongoDB","timestamp":"2021-08-10T03:16:12.491Z"}
{"level":"info","message":"listening on port 3000...","timestamp":"2021-08-11T03:21:24.069Z"}
{"level":"info","message":"connected to MongoDB","timestamp":"2021-08-11T03:21:24.605Z"}
{"message":"Cast to ObjectId failed for value \"ProdByPage\" (type string) at path \"_id\" for model \"Products\"","stack":"CastError: Cast to ObjectId failed for value \"ProdByPage\" (type string) at path \"_id\" for model \"Products\"\n    at model.Query.exec (C:\\Users\\hp\\Desktop\\olex_vue\\backend\\node_modules\\mongoose\\lib\\query.js:4498:21)\n    at model.Query.Query.then (C:\\Users\\hp\\Desktop\\olex_vue\\backend\\node_modules\\mongoose\\lib\\query.js:4592:15)\n    at processTicksAndRejections (internal/process/task_queues.js:93:5)","stringValue":"\"ProdByPage\"","kind":"ObjectId","value":"ProdByPage","path":"_id","reason":{},"valueType":"string","level":"error","timestamp":"2021-08-11T03:32:00.664Z"}
{"message":"Cast to ObjectId failed for value \"ProdByPage\" (type string) at path \"_id\" for model \"Products\"","stack":"CastError: Cast to ObjectId failed for value \"ProdByPage\" (type string) at path \"_id\" for model \"Products\"\n    at model.Query.exec (C:\\Users\\hp\\Desktop\\olex_vue\\backend\\node_modules\\mongoose\\lib\\query.js:4498:21)\n    at model.Query.Query.then (C:\\Users\\hp\\Desktop\\olex_vue\\backend\\node_modules\\mongoose\\lib\\query.js:4592:15)\n    at processTicksAndRejections (internal/process/task_queues.js:93:5)","stringValue":"\"ProdByPage\"","kind":"ObjectId","value":"ProdByPage","path":"_id","reason":{},"valueType":"string","level":"error","timestamp":"2021-08-11T03:36:10.409Z"}
{"message":"Cast to ObjectId failed for value \"ProdByPage\" (type string) at path \"_id\" for model \"Products\"","stack":"CastError: Cast to ObjectId failed for value \"ProdByPage\" (type string) at path \"_id\" for model \"Products\"\n    at model.Query.exec (C:\\Users\\hp\\Desktop\\olex_vue\\backend\\node_modules\\mongoose\\lib\\query.js:4498:21)\n    at model.Query.Query.then (C:\\Users\\hp\\Desktop\\olex_vue\\backend\\node_modules\\mongoose\\lib\\query.js:4592:15)\n    at processTicksAndRejections (internal/process/task_queues.js:93:5)","stringValue":"\"ProdByPage\"","kind":"ObjectId","value":"ProdByPage","path":"_id","reason":{},"valueType":"string","level":"error","timestamp":"2021-08-11T03:37:50.609Z"}
{"message":"Cast to ObjectId failed for value \"undefined\" (type string) at path \"prod_categories\"","stack":"CastError: Cast to ObjectId failed for value \"undefined\" (type string) at path \"prod_categories\"\n    at model.Query.exec (C:\\Users\\hp\\Desktop\\olex_vue\\backend\\node_modules\\mongoose\\lib\\query.js:4498:21)\n    at model.Query.Query.then (C:\\Users\\hp\\Desktop\\olex_vue\\backend\\node_modules\\mongoose\\lib\\query.js:4592:15)","stringValue":"\"undefined\"","kind":"ObjectId","value":"undefined","path":"prod_categories","reason":{},"valueType":"string","level":"error","timestamp":"2021-08-11T03:44:38.184Z"}
{"message":"Cast to ObjectId failed for value \"undefined\" (type string) at path \"prod_categories\"","stack":"CastError: Cast to ObjectId failed for value \"undefined\" (type string) at path \"prod_categories\"\n    at model.Query.exec (C:\\Users\\hp\\Desktop\\olex_vue\\backend\\node_modules\\mongoose\\lib\\query.js:4498:21)\n    at model.Query.Query.then (C:\\Users\\hp\\Desktop\\olex_vue\\backend\\node_modules\\mongoose\\lib\\query.js:4592:15)","stringValue":"\"undefined\"","kind":"ObjectId","value":"undefined","path":"prod_categories","reason":{},"valueType":"string","level":"error","timestamp":"2021-08-11T03:46:15.944Z"}
{"message":"Invalid mime type","stack":"Error: Invalid mime type\n    at DiskStorage.destination [as getDestination] (C:\\Users\\hp\\Desktop\\olex_vue\\backend\\routes\\imgUpload.js:14:18)\n    at DiskStorage._handleFile (C:\\Users\\hp\\Desktop\\olex_vue\\backend\\node_modules\\multer\\storage\\disk.js:31:8)\n    at C:\\Users\\hp\\Desktop\\olex_vue\\backend\\node_modules\\multer\\lib\\make-middleware.js:144:17\n    at allowAll (C:\\Users\\hp\\Desktop\\olex_vue\\backend\\node_modules\\multer\\index.js:8:3)\n    at wrappedFileFilter (C:\\Users\\hp\\Desktop\\olex_vue\\backend\\node_modules\\multer\\index.js:44:7)\n    at Busboy.<anonymous> (C:\\Users\\hp\\Desktop\\olex_vue\\backend\\node_modules\\multer\\lib\\make-middleware.js:114:7)\n    at Busboy.emit (events.js:210:5)\n    at Busboy.emit (C:\\Users\\hp\\Desktop\\olex_vue\\backend\\node_modules\\busboy\\lib\\main.js:38:33)\n    at PartStream.<anonymous> (C:\\Users\\hp\\Desktop\\olex_vue\\backend\\node_modules\\busboy\\lib\\types\\multipart.js:213:13)\n    at PartStream.emit (events.js:210:5)\n    at HeaderParser.<anonymous> (C:\\Users\\hp\\Desktop\\olex_vue\\backend\\node_modules\\dicer\\lib\\Dicer.js:51:16)\n    at HeaderParser.emit (events.js:210:5)\n    at HeaderParser._finish (C:\\Users\\hp\\Desktop\\olex_vue\\backend\\node_modules\\dicer\\lib\\HeaderParser.js:68:8)\n    at SBMH.<anonymous> (C:\\Users\\hp\\Desktop\\olex_vue\\backend\\node_modules\\dicer\\lib\\HeaderParser.js:40:12)\n    at SBMH.emit (events.js:210:5)\n    at SBMH._sbmh_feed (C:\\Users\\hp\\Desktop\\olex_vue\\backend\\node_modules\\streamsearch\\lib\\sbmh.js:159:14)","storageErrors":[],"level":"error","timestamp":"2021-08-11T04:15:18.226Z"}
{"message":"Invalid mime type","stack":"Error: Invalid mime type\n    at DiskStorage.destination [as getDestination] (C:\\Users\\hp\\Desktop\\olex_vue\\backend\\routes\\imgUpload.js:14:18)\n    at DiskStorage._handleFile (C:\\Users\\hp\\Desktop\\olex_vue\\backend\\node_modules\\multer\\storage\\disk.js:31:8)\n    at C:\\Users\\hp\\Desktop\\olex_vue\\backend\\node_modules\\multer\\lib\\make-middleware.js:144:17\n    at allowAll (C:\\Users\\hp\\Desktop\\olex_vue\\backend\\node_modules\\multer\\index.js:8:3)\n    at wrappedFileFilter (C:\\Users\\hp\\Desktop\\olex_vue\\backend\\node_modules\\multer\\index.js:44:7)\n    at Busboy.<anonymous> (C:\\Users\\hp\\Desktop\\olex_vue\\backend\\node_modules\\multer\\lib\\make-middleware.js:114:7)\n    at Busboy.emit (events.js:210:5)\n    at Busboy.emit (C:\\Users\\hp\\Desktop\\olex_vue\\backend\\node_modules\\busboy\\lib\\main.js:38:33)\n    at PartStream.<anonymous> (C:\\Users\\hp\\Desktop\\olex_vue\\backend\\node_modules\\busboy\\lib\\types\\multipart.js:213:13)\n    at PartStream.emit (events.js:210:5)\n    at HeaderParser.<anonymous> (C:\\Users\\hp\\Desktop\\olex_vue\\backend\\node_modules\\dicer\\lib\\Dicer.js:51:16)\n    at HeaderParser.emit (events.js:210:5)\n    at HeaderParser._finish (C:\\Users\\hp\\Desktop\\olex_vue\\backend\\node_modules\\dicer\\lib\\HeaderParser.js:68:8)\n    at SBMH.<anonymous> (C:\\Users\\hp\\Desktop\\olex_vue\\backend\\node_modules\\dicer\\lib\\HeaderParser.js:40:12)\n    at SBMH.emit (events.js:210:5)\n    at SBMH._sbmh_feed (C:\\Users\\hp\\Desktop\\olex_vue\\backend\\node_modules\\streamsearch\\lib\\sbmh.js:159:14)","storageErrors":[],"level":"error","timestamp":"2021-08-11T04:18:34.023Z"}
{"message":"Invalid mime type","stack":"Error: Invalid mime type\n    at DiskStorage.destination [as getDestination] (C:\\Users\\hp\\Desktop\\olex_vue\\backend\\routes\\imgUpload.js:14:18)\n    at DiskStorage._handleFile (C:\\Users\\hp\\Desktop\\olex_vue\\backend\\node_modules\\multer\\storage\\disk.js:31:8)\n    at C:\\Users\\hp\\Desktop\\olex_vue\\backend\\node_modules\\multer\\lib\\make-middleware.js:144:17\n    at allowAll (C:\\Users\\hp\\Desktop\\olex_vue\\backend\\node_modules\\multer\\index.js:8:3)\n    at wrappedFileFilter (C:\\Users\\hp\\Desktop\\olex_vue\\backend\\node_modules\\multer\\index.js:44:7)\n    at Busboy.<anonymous> (C:\\Users\\hp\\Desktop\\olex_vue\\backend\\node_modules\\multer\\lib\\make-middleware.js:114:7)\n    at Busboy.emit (events.js:210:5)\n    at Busboy.emit (C:\\Users\\hp\\Desktop\\olex_vue\\backend\\node_modules\\busboy\\lib\\main.js:38:33)\n    at PartStream.<anonymous> (C:\\Users\\hp\\Desktop\\olex_vue\\backend\\node_modules\\busboy\\lib\\types\\multipart.js:213:13)\n    at PartStream.emit (events.js:210:5)\n    at HeaderParser.<anonymous> (C:\\Users\\hp\\Desktop\\olex_vue\\backend\\node_modules\\dicer\\lib\\Dicer.js:51:16)\n    at HeaderParser.emit (events.js:210:5)\n    at HeaderParser._finish (C:\\Users\\hp\\Desktop\\olex_vue\\backend\\node_modules\\dicer\\lib\\HeaderParser.js:68:8)\n    at SBMH.<anonymous> (C:\\Users\\hp\\Desktop\\olex_vue\\backend\\node_modules\\dicer\\lib\\HeaderParser.js:40:12)\n    at SBMH.emit (events.js:210:5)\n    at SBMH._sbmh_feed (C:\\Users\\hp\\Desktop\\olex_vue\\backend\\node_modules\\streamsearch\\lib\\sbmh.js:159:14)","storageErrors":[],"level":"error","timestamp":"2021-08-11T04:18:43.261Z"}
{"level":"info","message":"listening on port 3000...","timestamp":"2021-08-11T04:22:20.279Z"}
{"level":"info","message":"connected to MongoDB","timestamp":"2021-08-11T04:22:20.683Z"}
{"level":"info","message":"listening on port 3000...","timestamp":"2021-08-11T04:55:40.428Z"}
{"level":"info","message":"connected to MongoDB","timestamp":"2021-08-11T04:55:41.225Z"}
{"level":"info","message":"listening on port 3000...","timestamp":"2021-08-15T07:54:24.303Z"}
{"level":"info","message":"connected to MongoDB","timestamp":"2021-08-15T07:54:25.804Z"}
{"level":"info","message":"connected to MongoDB","timestamp":"2021-08-15T07:54:38.797Z"}
{"level":"info","message":"connected to MongoDB","timestamp":"2021-08-15T07:57:48.894Z"}
{"level":"info","message":"connected to MongoDB","timestamp":"2021-08-15T07:57:58.853Z"}
{"level":"info","message":"connected to MongoDB","timestamp":"2021-08-15T07:58:20.782Z"}
{"level":"info","message":"listening on port 5000...","timestamp":"2021-08-15T08:00:07.251Z"}
{"level":"info","message":"connected to MongoDB","timestamp":"2021-08-15T08:00:10.180Z"}
{"level":"info","message":"listening on port 3000...","timestamp":"2021-08-15T08:05:00.013Z"}
{"level":"info","message":"connected to MongoDB","timestamp":"2021-08-15T08:05:01.931Z"}
{"level":"info","message":"listening on port 3000...","timestamp":"2021-08-15T08:09:06.913Z"}
{"level":"info","message":"connected to MongoDB","timestamp":"2021-08-15T08:09:06.975Z"}
{"level":"info","message":"listening on port 3000...","timestamp":"2021-08-15T08:11:33.530Z"}
{"level":"info","message":"connected to MongoDB","timestamp":"2021-08-15T08:11:34.438Z"}
{"level":"info","message":"listening on port 3000...","timestamp":"2021-08-15T08:11:48.678Z"}
{"level":"info","message":"connected to MongoDB","timestamp":"2021-08-15T08:11:48.859Z"}
{"level":"info","message":"Listening on port 3000...","timestamp":"2021-08-15T08:12:59.660Z"}
{"level":"info","message":"connected to MongoDB","timestamp":"2021-08-15T08:12:59.913Z"}
{"level":"info","message":"Listening on port 3000...","timestamp":"2021-08-15T08:16:44.425Z"}
{"level":"info","message":"connected to MongoDB","timestamp":"2021-08-15T08:16:49.244Z"}
{"level":"info","message":"Listening on port 3000...","timestamp":"2021-08-15T08:17:54.904Z"}
{"level":"info","message":"connected to MongoDB","timestamp":"2021-08-15T08:17:55.245Z"}
{"level":"info","message":"Listening on port 3000...","timestamp":"2021-08-15T08:18:12.582Z"}
{"level":"info","message":"connected to MongoDB","timestamp":"2021-08-15T08:18:12.834Z"}
{"level":"info","message":"Listening on port 3001...","timestamp":"2021-08-15T08:18:57.786Z"}
{"level":"info","message":"connected to MongoDB","timestamp":"2021-08-15T08:18:57.988Z"}
{"level":"info","message":"Listening on port 3001...","timestamp":"2021-08-15T08:20:12.042Z"}
{"level":"info","message":"connected to MongoDB","timestamp":"2021-08-15T08:20:12.560Z"}
{"level":"info","message":"Listening on port 3000...","timestamp":"2021-08-15T08:21:09.138Z"}
{"level":"info","message":"connected to MongoDB","timestamp":"2021-08-15T08:21:09.536Z"}
{"level":"info","message":"listening on port 3000...","timestamp":"2021-08-15T08:21:30.830Z"}
{"level":"info","message":"connected to MongoDB","timestamp":"2021-08-15T08:21:31.155Z"}
{"level":"info","message":"listening on port 3000...","timestamp":"2021-08-15T08:39:21.233Z"}
{"level":"info","message":"connected to MongoDB","timestamp":"2021-08-15T08:39:22.009Z"}
{"level":"info","message":"listening on port 3000...","timestamp":"2021-08-15T08:41:49.336Z"}
{"level":"info","message":"connected to MongoDB","timestamp":"2021-08-15T08:41:49.780Z"}
{"level":"info","message":"listening on port 3000...","timestamp":"2021-08-15T08:42:00.772Z"}
{"level":"info","message":"connected to MongoDB","timestamp":"2021-08-15T08:42:00.992Z"}
{"level":"info","message":"listening on port 3000...","timestamp":"2021-08-15T08:44:03.153Z"}
{"level":"info","message":"connected to MongoDB","timestamp":"2021-08-15T08:44:03.766Z"}
{"level":"info","message":"listening on port 3000...","timestamp":"2021-08-15T08:46:39.910Z"}
{"level":"info","message":"connected to MongoDB","timestamp":"2021-08-15T08:46:41.085Z"}
{"level":"info","message":"listening on port 3000...","timestamp":"2021-08-15T08:46:57.419Z"}
{"level":"info","message":"connected to MongoDB","timestamp":"2021-08-15T08:46:57.807Z"}
{"level":"info","message":"listening on port 3000...","timestamp":"2021-08-15T08:48:11.591Z"}
{"level":"info","message":"connected to MongoDB","timestamp":"2021-08-15T08:48:12.303Z"}
{"level":"info","message":"listening on port 3000...","timestamp":"2021-08-16T05:54:49.837Z"}
{"level":"info","message":"connected to MongoDB","timestamp":"2021-08-16T05:54:53.485Z"}
{"level":"info","message":"listening on port 3000...","timestamp":"2021-08-16T05:57:13.631Z"}
{"level":"info","message":"connected to MongoDB","timestamp":"2021-08-16T05:57:14.065Z"}
{"level":"info","message":"listening on port 3000...","timestamp":"2021-08-16T05:59:11.550Z"}
{"level":"info","message":"connected to MongoDB","timestamp":"2021-08-16T05:59:11.906Z"}
{"level":"info","message":"listening on port 3000...","timestamp":"2021-08-16T06:00:12.803Z"}
{"level":"info","message":"connected to MongoDB","timestamp":"2021-08-16T06:00:13.314Z"}
{"level":"info","message":"listening on port 3000...","timestamp":"2021-08-16T06:00:19.128Z"}
{"level":"info","message":"connected to MongoDB","timestamp":"2021-08-16T06:00:19.208Z"}
{"level":"info","message":"listening on port 3000...","timestamp":"2021-08-16T06:02:02.436Z"}
{"level":"info","message":"connected to MongoDB","timestamp":"2021-08-16T06:02:03.103Z"}
{"level":"info","message":"listening on port 3000...","timestamp":"2021-08-16T06:02:05.921Z"}
{"level":"info","message":"connected to MongoDB","timestamp":"2021-08-16T06:02:06.012Z"}
{"level":"info","message":"listening on port 3000...","timestamp":"2021-08-16T06:10:29.150Z"}
{"level":"info","message":"connected to MongoDB","timestamp":"2021-08-16T06:10:29.963Z"}
{"level":"info","message":"listening on port 3000...","timestamp":"2021-08-16T06:10:34.388Z"}
{"level":"info","message":"connected to MongoDB","timestamp":"2021-08-16T06:10:34.504Z"}
{"level":"info","message":"listening on port 3000...","timestamp":"2021-08-16T06:14:33.220Z"}
{"level":"info","message":"connected to MongoDB","timestamp":"2021-08-16T06:14:33.741Z"}
{"level":"info","message":"listening on port 3000...","timestamp":"2021-08-16T06:14:39.330Z"}
{"level":"info","message":"connected to MongoDB","timestamp":"2021-08-16T06:14:39.419Z"}
{"message":"Cast to ObjectId failed for value \"1\" (type string) at path \"_id\" for model \"Categories\"","stack":"CastError: Cast to ObjectId failed for value \"1\" (type string) at path \"_id\" for model \"Categories\"\n    at model.Query.exec (C:\\Users\\hp\\Desktop\\olex_vue\\backend\\node_modules\\mongoose\\lib\\query.js:4498:21)\n    at model.Query.Object.<anonymous>.Query.then (C:\\Users\\hp\\Desktop\\olex_vue\\backend\\node_modules\\mongoose\\lib\\query.js:4592:15)\n    at processTicksAndRejections (internal/process/task_queues.js:93:5)","stringValue":"\"1\"","kind":"ObjectId","value":"1","path":"_id","reason":{},"valueType":"string","level":"error","timestamp":"2021-08-16T06:14:39.863Z"}
{"level":"info","message":"listening on port 3000...","timestamp":"2021-08-16T06:16:42.521Z"}
{"level":"info","message":"connected to MongoDB","timestamp":"2021-08-16T06:16:42.735Z"}
{"message":"Cast to ObjectId failed for value \"1\" (type string) at path \"_id\" for model \"Categories\"","stack":"CastError: Cast to ObjectId failed for value \"1\" (type string) at path \"_id\" for model \"Categories\"\n    at model.Query.exec (C:\\Users\\hp\\Desktop\\olex_vue\\backend\\node_modules\\mongoose\\lib\\query.js:4498:21)\n    at model.Query.Object.<anonymous>.Query.then (C:\\Users\\hp\\Desktop\\olex_vue\\backend\\node_modules\\mongoose\\lib\\query.js:4592:15)\n    at processTicksAndRejections (internal/process/task_queues.js:93:5)","stringValue":"\"1\"","kind":"ObjectId","value":"1","path":"_id","reason":{},"valueType":"string","level":"error","timestamp":"2021-08-16T06:16:43.101Z"}
{"level":"info","message":"listening on port 3000...","timestamp":"2021-08-16T06:16:45.965Z"}
{"level":"info","message":"connected to MongoDB","timestamp":"2021-08-16T06:16:46.172Z"}
{"level":"info","message":"listening on port 3000...","timestamp":"2021-08-16T06:20:10.961Z"}
{"level":"info","message":"connected to MongoDB","timestamp":"2021-08-16T06:20:11.343Z"}
{"message":"Cast to ObjectId failed for value \"1\" (type string) at path \"_id\" for model \"Categories\"","stack":"CastError: Cast to ObjectId failed for value \"1\" (type string) at path \"_id\" for model \"Categories\"\n    at model.Query.exec (C:\\Users\\hp\\Desktop\\olex_vue\\backend\\node_modules\\mongoose\\lib\\query.js:4498:21)\n    at model.Query.Object.<anonymous>.Query.then (C:\\Users\\hp\\Desktop\\olex_vue\\backend\\node_modules\\mongoose\\lib\\query.js:4592:15)\n    at processTicksAndRejections (internal/process/task_queues.js:93:5)","stringValue":"\"1\"","kind":"ObjectId","value":"1","path":"_id","reason":{},"valueType":"string","level":"error","timestamp":"2021-08-16T06:20:11.979Z"}
{"level":"info","message":"listening on port 3000...","timestamp":"2021-08-16T06:20:17.596Z"}
{"level":"info","message":"connected to MongoDB","timestamp":"2021-08-16T06:20:17.918Z"}
{"level":"info","message":"listening on port 3000...","timestamp":"2021-08-16T06:20:49.250Z"}
{"level":"info","message":"connected to MongoDB","timestamp":"2021-08-16T06:20:49.550Z"}
{"message":"Cast to ObjectId failed for value \"1\" (type string) at path \"_id\" for model \"Categories\"","stack":"CastError: Cast to ObjectId failed for value \"1\" (type string) at path \"_id\" for model \"Categories\"\n    at model.Query.exec (C:\\Users\\hp\\Desktop\\olex_vue\\backend\\node_modules\\mongoose\\lib\\query.js:4498:21)\n    at model.Query.Object.<anonymous>.Query.then (C:\\Users\\hp\\Desktop\\olex_vue\\backend\\node_modules\\mongoose\\lib\\query.js:4592:15)\n    at runMicrotasks (<anonymous>)\n    at processTicksAndRejections (internal/process/task_queues.js:93:5)","stringValue":"\"1\"","kind":"ObjectId","value":"1","path":"_id","reason":{},"valueType":"string","level":"error","timestamp":"2021-08-16T06:20:49.985Z"}
{"level":"info","message":"listening on port 3000...","timestamp":"2021-08-16T06:20:54.406Z"}
{"level":"info","message":"connected to MongoDB","timestamp":"2021-08-16T06:20:54.619Z"}
{"level":"info","message":"listening on port 3000...","timestamp":"2021-08-16T06:22:52.880Z"}
{"level":"info","message":"connected to MongoDB","timestamp":"2021-08-16T06:22:53.386Z"}
{"level":"info","message":"listening on port 3000...","timestamp":"2021-08-16T06:22:59.673Z"}
{"level":"info","message":"connected to MongoDB","timestamp":"2021-08-16T06:23:00.357Z"}
{"level":"info","message":"listening on port 3000...","timestamp":"2021-08-16T06:29:00.709Z"}
{"level":"info","message":"connected to MongoDB","timestamp":"2021-08-16T06:29:00.996Z"}
{"level":"info","message":"listening on port 3000...","timestamp":"2021-08-16T06:29:04.526Z"}
{"level":"info","message":"connected to MongoDB","timestamp":"2021-08-16T06:29:04.636Z"}
{"level":"info","message":"listening on port 3000...","timestamp":"2021-08-16T06:34:01.942Z"}
{"level":"info","message":"connected to MongoDB","timestamp":"2021-08-16T06:34:02.251Z"}
{"level":"info","message":"listening on port 3000...","timestamp":"2021-08-16T06:34:08.455Z"}
{"level":"info","message":"connected to MongoDB","timestamp":"2021-08-16T06:34:08.593Z"}
{"level":"info","message":"listening on port 3000...","timestamp":"2021-08-16T06:38:41.239Z"}
{"level":"info","message":"connected to MongoDB","timestamp":"2021-08-16T06:38:41.850Z"}
{"level":"info","message":"listening on port 3000...","timestamp":"2021-08-16T06:38:45.497Z"}
{"level":"info","message":"connected to MongoDB","timestamp":"2021-08-16T06:38:45.686Z"}
{"level":"info","message":"listening on port 3000...","timestamp":"2021-08-16T06:41:22.010Z"}
{"level":"info","message":"connected to MongoDB","timestamp":"2021-08-16T06:41:22.732Z"}
{"level":"info","message":"listening on port 3000...","timestamp":"2021-08-16T06:41:27.198Z"}
{"level":"info","message":"connected to MongoDB","timestamp":"2021-08-16T06:41:27.445Z"}
{"level":"info","message":"listening on port 3000...","timestamp":"2021-08-16T06:45:46.597Z"}
{"level":"info","message":"connected to MongoDB","timestamp":"2021-08-16T06:45:48.055Z"}
{"level":"info","message":"listening on port 3000...","timestamp":"2021-08-16T06:45:52.970Z"}
{"level":"info","message":"connected to MongoDB","timestamp":"2021-08-16T06:45:53.117Z"}
{"level":"info","message":"listening on port 3000...","timestamp":"2021-08-16T06:51:06.040Z"}
{"level":"info","message":"connected to MongoDB","timestamp":"2021-08-16T06:51:06.655Z"}
{"level":"info","message":"listening on port 3000...","timestamp":"2021-08-16T06:51:12.652Z"}
{"level":"info","message":"connected to MongoDB","timestamp":"2021-08-16T06:51:12.824Z"}
{"level":"info","message":"listening on port 3000...","timestamp":"2021-08-16T06:52:57.144Z"}
{"level":"info","message":"connected to MongoDB","timestamp":"2021-08-16T06:52:57.317Z"}
